# JRE version: OpenJDK Runtime Environment (8.0_342-b07) (build 1.8.0_342-8u342-b07-0ubuntu1~22.04-b07)
# Java VM: OpenJDK 64-Bit Server VM (25.342-b07 mixed mode linux-amd64 compressed oops)
Heap:
 PSYoungGen      total 3584K, used 1349K [0x00000000f1d00000, 0x00000000f2100000, 0x0000000100000000)
  eden space 3072K, 27% used [0x00000000f1d00000,0x00000000f1dd1638,0x00000000f2000000)
  from space 512K, 100% used [0x00000000f2080000,0x00000000f2100000,0x00000000f2100000)
  to   space 512K, 0% used [0x00000000f2000000,0x00000000f2000000,0x00000000f2080000)
 ParOldGen       total 5632K, used 1294K [0x00000000d5600000, 0x00000000d5b80000, 0x00000000f1d00000)
  object space 5632K, 22% used [0x00000000d5600000,0x00000000d5743af8,0x00000000d5b80000)
 Metaspace       used 11163K, capacity 11470K, committed 11648K, reserved 1058816K
  class space    used 1292K, capacity 1398K, committed 1408K, reserved 1048576K
GC Heap History (8 events):
Event: 0.158 GC heap before
{Heap before GC invocations=1 (full 0):
 PSYoungGen      total 2048K, used 1536K [0x00000000f1d00000, 0x00000000f1f80000, 0x0000000100000000)
  eden space 1536K, 100% used [0x00000000f1d00000,0x00000000f1e80000,0x00000000f1e80000)
  from space 512K, 0% used [0x00000000f1f00000,0x00000000f1f00000,0x00000000f1f80000)
  to   space 512K, 0% used [0x00000000f1e80000,0x00000000f1e80000,0x00000000f1f00000)
 ParOldGen       total 5632K, used 0K [0x00000000d5600000, 0x00000000d5b80000, 0x00000000f1d00000)
  object space 5632K, 0% used [0x00000000d5600000,0x00000000d5600000,0x00000000d5b80000)
 Metaspace       used 4077K, capacity 4556K, committed 4864K, reserved 1056768K
  class space    used 429K, capacity 442K, committed 512K, reserved 1048576K
Event: 0.159 GC heap after
Heap after GC invocations=1 (full 0):
 PSYoungGen      total 2048K, used 496K [0x00000000f1d00000, 0x00000000f1f80000, 0x0000000100000000)
  eden space 1536K, 0% used [0x00000000f1d00000,0x00000000f1d00000,0x00000000f1e80000)
  from space 512K, 96% used [0x00000000f1e80000,0x00000000f1efc010,0x00000000f1f00000)
  to   space 512K, 0% used [0x00000000f1f00000,0x00000000f1f00000,0x00000000f1f80000)
 ParOldGen       total 5632K, used 16K [0x00000000d5600000, 0x00000000d5b80000, 0x00000000f1d00000)
  object space 5632K, 0% used [0x00000000d5600000,0x00000000d5604000,0x00000000d5b80000)
 Metaspace       used 4077K, capacity 4556K, committed 4864K, reserved 1056768K
  class space    used 429K, capacity 442K, committed 512K, reserved 1048576K
}
Event: 0.224 GC heap before
{Heap before GC invocations=2 (full 0):
 PSYoungGen      total 2048K, used 2032K [0x00000000f1d00000, 0x00000000f1f80000, 0x0000000100000000)
  eden space 1536K, 100% used [0x00000000f1d00000,0x00000000f1e80000,0x00000000f1e80000)
  from space 512K, 96% used [0x00000000f1e80000,0x00000000f1efc010,0x00000000f1f00000)
  to   space 512K, 0% used [0x00000000f1f00000,0x00000000f1f00000,0x00000000f1f80000)
 ParOldGen       total 5632K, used 16K [0x00000000d5600000, 0x00000000d5b80000, 0x00000000f1d00000)
  object space 5632K, 0% used [0x00000000d5600000,0x00000000d5604000,0x00000000d5b80000)
 Metaspace       used 4580K, capacity 4728K, committed 4992K, reserved 1056768K
  class space    used 503K, capacity 560K, committed 640K, reserved 1048576K
Event: 0.225 GC heap after
Heap after GC invocations=2 (full 0):
 PSYoungGen      total 2048K, used 512K [0x00000000f1d00000, 0x00000000f2100000, 0x0000000100000000)
  eden space 1536K, 0% used [0x00000000f1d00000,0x00000000f1d00000,0x00000000f1e80000)
  from space 512K, 100% used [0x00000000f1f00000,0x00000000f1f80000,0x00000000f1f80000)
  to   space 512K, 0% used [0x00000000f1e80000,0x00000000f1e80000,0x00000000f1f00000)
 ParOldGen       total 5632K, used 160K [0x00000000d5600000, 0x00000000d5b80000, 0x00000000f1d00000)
  object space 5632K, 2% used [0x00000000d5600000,0x00000000d5628000,0x00000000d5b80000)
 Metaspace       used 4580K, capacity 4728K, committed 4992K, reserved 1056768K
  class space    used 503K, capacity 560K, committed 640K, reserved 1048576K
}
Event: 0.324 GC heap before
{Heap before GC invocations=3 (full 0):
 PSYoungGen      total 2048K, used 2048K [0x00000000f1d00000, 0x00000000f2100000, 0x0000000100000000)
  eden space 1536K, 100% used [0x00000000f1d00000,0x00000000f1e80000,0x00000000f1e80000)
  from space 512K, 100% used [0x00000000f1f00000,0x00000000f1f80000,0x00000000f1f80000)
  to   space 512K, 0% used [0x00000000f1e80000,0x00000000f1e80000,0x00000000f1f00000)
 ParOldGen       total 5632K, used 160K [0x00000000d5600000, 0x00000000d5b80000, 0x00000000f1d00000)
  object space 5632K, 2% used [0x00000000d5600000,0x00000000d5628000,0x00000000d5b80000)
 Metaspace       used 8720K, capacity 8932K, committed 9088K, reserved 1056768K
  class space    used 979K, capacity 1033K, committed 1152K, reserved 1048576K
Event: 0.326 GC heap after
Heap after GC invocations=3 (full 0):
 PSYoungGen      total 2048K, used 498K [0x00000000f1d00000, 0x00000000f2100000, 0x0000000100000000)
  eden space 1536K, 0% used [0x00000000f1d00000,0x00000000f1d00000,0x00000000f1e80000)
  from space 512K, 97% used [0x00000000f1e80000,0x00000000f1efc840,0x00000000f1f00000)
  to   space 512K, 0% used [0x00000000f2080000,0x00000000f2080000,0x00000000f2100000)
 ParOldGen       total 5632K, used 741K [0x00000000d5600000, 0x00000000d5b80000, 0x00000000f1d00000)
  object space 5632K, 13% used [0x00000000d5600000,0x00000000d56b96d0,0x00000000d5b80000)
 Metaspace       used 8720K, capacity 8932K, committed 9088K, reserved 1056768K
  class space    used 979K, capacity 1033K, committed 1152K, reserved 1048576K
}
Event: 0.388 GC heap before
{Heap before GC invocations=4 (full 0):
 PSYoungGen      total 2048K, used 2034K [0x00000000f1d00000, 0x00000000f2100000, 0x0000000100000000)
  eden space 1536K, 100% used [0x00000000f1d00000,0x00000000f1e80000,0x00000000f1e80000)
  from space 512K, 97% used [0x00000000f1e80000,0x00000000f1efc840,0x00000000f1f00000)
  to   space 512K, 0% used [0x00000000f2080000,0x00000000f2080000,0x00000000f2100000)
 ParOldGen       total 5632K, used 741K [0x00000000d5600000, 0x00000000d5b80000, 0x00000000f1d00000)
  object space 5632K, 13% used [0x00000000d5600000,0x00000000d56b96d0,0x00000000d5b80000)
 Metaspace       used 10514K, capacity 10718K, committed 11008K, reserved 1058816K
  class space    used 1202K, capacity 1263K, committed 1280K, reserved 1048576K
Event: 0.403 GC heap after
Heap after GC invocations=4 (full 0):
 PSYoungGen      total 3584K, used 512K [0x00000000f1d00000, 0x00000000f2100000, 0x0000000100000000)
  eden space 3072K, 0% used [0x00000000f1d00000,0x00000000f1d00000,0x00000000f2000000)
  from space 512K, 100% used [0x00000000f2080000,0x00000000f2100000,0x00000000f2100000)
  to   space 512K, 0% used [0x00000000f2000000,0x00000000f2000000,0x00000000f2080000)
 ParOldGen       total 5632K, used 1294K [0x00000000d5600000, 0x00000000d5b80000, 0x00000000f1d00000)
  object space 5632K, 22% used [0x00000000d5600000,0x00000000d5743af8,0x00000000d5b80000)
 Metaspace       used 10514K, capacity 10718K, committed 11008K, reserved 1058816K
  class space    used 1202K, capacity 1263K, committed 1280K, reserved 1048576K
}

